<?xml version="1.0" encoding="UTF-8"?>
<!-- Generated by org.testng.reporters.JUnitReportReporter -->
<testsuite hostname="Abc-PC" failures="0" tests="1" name="Academy.TyrooTest.test" time="31.816" errors="0" timestamp="04 Dec 2020 11:18:22 GMT" skipped="0">
  <testcase classname="Academy.TyrooTest.test" name="TyroGameofThronesvalidation" time="31.816"/>
</testsuite> <!-- Academy.TyrooTest.test -->
